d:\qt_data\project_17318\project\project\x64\debug\vc140.pdb
d:\qt_data\project_17318\project\project\x64\debug\qrc_project.obj
d:\qt_data\project_17318\project\project\x64\debug\main.obj
d:\qt_data\project_17318\project\project\x64\debug\buildcamera.obj
d:\qt_data\project_17318\project\project\x64\debug\project.obj
d:\qt_data\project_17318\project\project\x64\debug\moc_project.obj
d:\qt_data\project_17318\project\project\x64\debug\moc_buildcamera.obj
d:\qt_data\project_17318\project\project\generatedfiles\ui_project.h
d:\qt_data\project_17318\project\project\generatedfiles\qrc_project.cpp
d:\qt_data\project_17318\project\project\generatedfiles\ui_buildcamera.h
d:\qt_data\project_17318\project\project\generatedfiles\debug\moc_project.cpp
d:\qt_data\project_17318\project\project\generatedfiles\debug\moc_buildcamera.cpp
d:\qt_data\project_17318\project\x64\debug\project.pdb
d:\qt_data\project_17318\project\project\x64\debug\project.tlog\cl.command.1.tlog
d:\qt_data\project_17318\project\project\x64\debug\project.tlog\cl.read.1.tlog
d:\qt_data\project_17318\project\project\x64\debug\project.tlog\cl.write.1.tlog
d:\qt_data\project_17318\project\project\x64\debug\project.tlog\custombuild.command.1.tlog
d:\qt_data\project_17318\project\project\x64\debug\project.tlog\custombuild.read.1.tlog
d:\qt_data\project_17318\project\project\x64\debug\project.tlog\custombuild.write.1.tlog
d:\qt_data\project_17318\project\project\x64\debug\project.tlog\link-cvtres.read.1.tlog
d:\qt_data\project_17318\project\project\x64\debug\project.tlog\link-cvtres.write.1.tlog
d:\qt_data\project_17318\project\project\x64\debug\project.tlog\link-rc.read.1.tlog
d:\qt_data\project_17318\project\project\x64\debug\project.tlog\link-rc.write.1.tlog
d:\qt_data\project_17318\project\project\x64\debug\project.tlog\link.20612-cvtres.read.1.tlog
d:\qt_data\project_17318\project\project\x64\debug\project.tlog\link.20612-cvtres.write.1.tlog
d:\qt_data\project_17318\project\project\x64\debug\project.tlog\link.20612-rc.read.1.tlog
d:\qt_data\project_17318\project\project\x64\debug\project.tlog\link.20612-rc.write.1.tlog
d:\qt_data\project_17318\project\project\x64\debug\project.tlog\link.20612.read.1.tlog
d:\qt_data\project_17318\project\project\x64\debug\project.tlog\link.20612.write.1.tlog
d:\qt_data\project_17318\project\project\x64\debug\project.tlog\link.command.1.tlog
d:\qt_data\project_17318\project\project\x64\debug\project.tlog\link.read.1.tlog
d:\qt_data\project_17318\project\project\x64\debug\project.tlog\link.write.1.tlog
